# JRE version: OpenJDK Runtime Environment (11.0.10) (build 11.0.10+0-b96-7249189)
# Java VM: OpenJDK 64-Bit Server VM (11.0.10+0-b96-7249189, mixed mode, tiered, compressed oops, g1 gc, windows-amd64)
Heap:
 garbage-first heap   total 131072K, used 40454K [0x00000000a0000000, 0x0000000100000000)
  region size 1024K, 29 young (29696K), 4 survivors (4096K)
 Metaspace       used 23314K, capacity 23896K, committed 23936K, reserved 1071104K
  class space    used 2951K, capacity 3169K, committed 3200K, reserved 1048576K
GC Heap History (10 events):
Event: 0.805 GC heap before
{Heap before GC invocations=0 (full 0):
 garbage-first heap   total 131072K, used 19456K [0x00000000a0000000, 0x0000000100000000)
  region size 1024K, 14 young (14336K), 0 survivors (0K)
 Metaspace       used 7447K, capacity 7671K, committed 7936K, reserved 1056768K
  class space    used 681K, capacity 748K, committed 768K, reserved 1048576K
}
Event: 0.812 GC heap after
{Heap after GC invocations=1 (full 0):
 garbage-first heap   total 131072K, used 7781K [0x00000000a0000000, 0x0000000100000000)
  region size 1024K, 2 young (2048K), 2 survivors (2048K)
 Metaspace       used 7447K, capacity 7671K, committed 7936K, reserved 1056768K
  class space    used 681K, capacity 748K, committed 768K, reserved 1048576K
}
Event: 1.286 GC heap before
{Heap before GC invocations=1 (full 0):
 garbage-first heap   total 131072K, used 19045K [0x00000000a0000000, 0x0000000100000000)
  region size 1024K, 13 young (13312K), 2 survivors (2048K)
 Metaspace       used 10485K, capacity 10700K, committed 11008K, reserved 1058816K
  class space    used 1100K, capacity 1164K, committed 1280K, reserved 1048576K
}
Event: 1.291 GC heap after
{Heap after GC invocations=2 (full 0):
 garbage-first heap   total 131072K, used 8579K [0x00000000a0000000, 0x0000000100000000)
  region size 1024K, 1 young (1024K), 1 survivors (1024K)
 Metaspace       used 10485K, capacity 10700K, committed 11008K, reserved 1058816K
  class space    used 1100K, capacity 1164K, committed 1280K, reserved 1048576K
}
Event: 2.039 GC heap before
{Heap before GC invocations=2 (full 0):
 garbage-first heap   total 131072K, used 36227K [0x00000000a0000000, 0x0000000100000000)
  region size 1024K, 29 young (29696K), 1 survivors (1024K)
 Metaspace       used 10658K, capacity 10893K, committed 11264K, reserved 1058816K
  class space    used 1102K, capacity 1164K, committed 1280K, reserved 1048576K
}
Event: 2.043 GC heap after
{Heap after GC invocations=3 (full 0):
 garbage-first heap   total 131072K, used 13058K [0x00000000a0000000, 0x0000000100000000)
  region size 1024K, 4 young (4096K), 4 survivors (4096K)
 Metaspace       used 10658K, capacity 10893K, committed 11264K, reserved 1058816K
  class space    used 1102K, capacity 1164K, committed 1280K, reserved 1048576K
}
Event: 3.148 GC heap before
{Heap before GC invocations=3 (full 0):
 garbage-first heap   total 131072K, used 54018K [0x00000000a0000000, 0x0000000100000000)
  region size 1024K, 44 young (45056K), 4 survivors (4096K)
 Metaspace       used 18473K, capacity 18873K, committed 19072K, reserved 1067008K
  class space    used 2225K, capacity 2340K, committed 2432K, reserved 1048576K
}
Event: 3.157 GC heap after
{Heap after GC invocations=4 (full 0):
 garbage-first heap   total 131072K, used 15493K [0x00000000a0000000, 0x0000000100000000)
  region size 1024K, 3 young (3072K), 3 survivors (3072K)
 Metaspace       used 18473K, capacity 18873K, committed 19072K, reserved 1067008K
  class space    used 2225K, capacity 2340K, committed 2432K, reserved 1048576K
}
Event: 3.437 GC heap before
{Heap before GC invocations=4 (full 0):
 garbage-first heap   total 131072K, used 28805K [0x00000000a0000000, 0x0000000100000000)
  region size 1024K, 17 young (17408K), 3 survivors (3072K)
 Metaspace       used 20574K, capacity 21061K, committed 21248K, reserved 1067008K
  class space    used 2523K, capacity 2691K, committed 2816K, reserved 1048576K
}
Event: 3.442 GC heap after
{Heap after GC invocations=5 (full 0):
 garbage-first heap   total 131072K, used 15878K [0x00000000a0000000, 0x0000000100000000)
  region size 1024K, 4 young (4096K), 4 survivors (4096K)
 Metaspace       used 20574K, capacity 21061K, committed 21248K, reserved 1067008K
  class space    used 2523K, capacity 2691K, committed 2816K, reserved 1048576K
}

